<?xml version="1.0" encoding="UTF-8"?>
<!-- Generated by org.testng.reporters.JUnitXMLReporter -->
<testsuite hostname="HomeComp" ignored="0" name="hellowebdriver" tests="10" failures="0" timestamp="2021-01-04T18:59:15 MSK" time="72.568" errors="0">
  <testcase name="automationTest4" time="7.967" classname="selenide_test.SelenideTest"/>
  <testcase name="automationTest4" time="7.718" classname="selenide_test.SelenideTest"/>
  <testcase name="automationTest4" time="4.733" classname="selenide_test.SelenideTest"/>
  <testcase name="automationTest5" time="2.997" classname="selenide_test.SelenideTest"/>
  <testcase name="automationTest6" time="2.85" classname="selenide_test.SelenideTest"/>
  <testcase name="automationTest7" time="5.916" classname="selenide_test.SelenideTest"/>
  <testcase name="automationTest8" time="0.349" classname="selenide_test.SelenideTest"/>
  <testcase name="test1" time="3.621" classname="selenide_test.SelenideTest"/>
  <testcase name="automationTest2" time="3.191" classname="selenide_test.SelenideTest"/>
  <testcase name="automationTest3" time="3.271" classname="selenide_test.SelenideTest"/>
</testsuite> <!-- hellowebdriver -->
