<?xml version="1.0" encoding="UTF-8"?>
<!-- Generated by org.testng.reporters.JUnitReportReporter -->
<testsuite skipped="0" hostname="HomeComp" name="selenide_test.SelenideTest" tests="10" failures="0" timestamp="2021-01-04T18:59:15 MSK" time="96.286" errors="0">
  <testcase name="automationTest4" time="9.907" classname="selenide_test.SelenideTest"/>
  <system-out/>
  <testcase name="automationTest4" time="5.930" classname="selenide_test.SelenideTest"/>
  <system-out/>
  <testcase name="automationTest8" time="1.265" classname="selenide_test.SelenideTest"/>
  <system-out/>
  <testcase name="automationTest2" time="14.458" classname="selenide_test.SelenideTest"/>
  <system-out/>
  <testcase name="automationTest4" time="9.266" classname="selenide_test.SelenideTest"/>
  <system-out/>
  <testcase name="automationTest7" time="22.102" classname="selenide_test.SelenideTest"/>
  <system-out/>
  <testcase name="automationTest5" time="4.595" classname="selenide_test.SelenideTest"/>
  <system-out/>
  <testcase name="automationTest6" time="3.875" classname="selenide_test.SelenideTest"/>
  <system-out/>
  <testcase name="test1" time="6.021" classname="selenide_test.SelenideTest"/>
  <system-out/>
  <testcase name="automationTest3" time="18.867" classname="selenide_test.SelenideTest"/>
  <system-out/>
</testsuite> <!-- selenide_test.SelenideTest -->
